[+] Containers:
 |- [+] Container: /Game/TopDown/Maps/TopDownMap
 |   |- [+] ActorDescs:
 |   |   |- Guid:012C268B4827E1961241D186CD37A892 BaseClass: NativeClass:/Script/Engine.StaticMeshActor Name:StaticMeshActor_UAID_A4BB6D4C230A772802_1721283849 Label:Cube110 SpatiallyLoaded:1 Bounds:IsValid=true, Min=(X=1677.500 Y=1437.500 Z=-10.000), Max=(X=1702.500 Y=1562.500 Z=190.000) RuntimeGrid:None EditorOnly:0 RuntimeOnly:0 HLODRelevant:1 ListedInSceneOutliner:1 IsMainWorldOnly:0
 |   |   |- Guid:03585E30411BA76A541DF4A2D8BB430C BaseClass: NativeClass:/Script/Engine.StaticMeshActor Name:StaticMeshActor_UAID_A4BB6D4C230A772802_1738602857 Label:Cube118 SpatiallyLoaded:1 Bounds:IsValid=true, Min=(X=1897.500 Y=1437.500 Z=-10.000), Max=(X=1922.500 Y=1562.500 Z=190.000) RuntimeGrid:None EditorOnly:0 RuntimeOnly:0 HLODRelevant:1 ListedInSceneOutliner:1 IsMainWorldOnly:0
 |   |   |- Guid:0EB33E2442AC312D7A4055AF66E34DFF BaseClass: NativeClass:/Script/Engine.StaticMeshActor Name:StaticMeshActor_UAID_A4BB6D4C230A772802_1149899774 Label:Cube81 SpatiallyLoaded:1 Bounds:IsValid=true, Min=(X=1177.500 Y=1810.000 Z=245.000), Max=(X=1202.500 Y=2010.000 Z=295.000) RuntimeGrid:None EditorOnly:0 RuntimeOnly:0 HLODRelevant:1 ListedInSceneOutliner:1 IsMainWorldOnly:0
 |   |   |- Guid:0F88ACFD4FB62107B5EC1788E17F60A8 BaseClass: NativeClass:/Script/Engine.StaticMeshActor Name:StaticMeshActor_UAID_A4BB6D4C230A772802_1670580838 Label:Cube100 SpatiallyLoaded:1 Bounds:IsValid=true, Min=(X=1437.500 Y=2007.500 Z=-10.000), Max=(X=1562.500 Y=2032.500 Z=190.000) RuntimeGrid:None EditorOnly:0 RuntimeOnly:0 HLODRelevant:1 ListedInSceneOutliner:1 IsMainWorldOnly:0
 |   |   |- Guid:1420EE724CF9B61715D1E3928F0D41A4 BaseClass: NativeClass:/Script/Engine.StaticMeshActor Name:StaticMeshActor_UAID_A4BB6D4C230A772802_1675078839 Label:Cube101 SpatiallyLoaded:1 Bounds:IsValid=true, Min=(X=1557.500 Y=2007.500 Z=-10.000), Max=(X=1682.500 Y=2032.500 Z=190.000) RuntimeGrid:None EditorOnly:0 RuntimeOnly:0 HLODRelevant:1 ListedInSceneOutliner:1 IsMainWorldOnly:0
 |   |   |- Guid:147C8D134B12D635012D5F8C57D2C96F BaseClass: NativeClass:/Script/Engine.PostProcessVolume Name:PostProcessVolume_1 Label:PostProcessVolume SpatiallyLoaded:0 Bounds:IsValid=true, Min=(X=0.000 Y=0.000 Z=400.000), Max=(X=200.000 Y=200.000 Z=600.000) RuntimeGrid:None EditorOnly:0 RuntimeOnly:0 HLODRelevant:0 ListedInSceneOutliner:1 IsMainWorldOnly:0 FolderPath:Lighting FolderGuid:4C9334684BA61B42C769F799D2576455
 |   |   |- Guid:151797EA4032673E45E552AF3FB25D35 BaseClass: NativeClass:/Script/Engine.StaticMeshActor Name:StaticMeshActor_UAID_A4BB6D4C230A772802_1342434833 Label:Cube120 SpatiallyLoaded:1 Bounds:IsValid=true, Min=(X=1627.500 Y=65.000 Z=-5.000), Max=(X=1652.500 Y=315.000 Z=245.000) RuntimeGrid:None EditorOnly:0 RuntimeOnly:0 HLODRelevant:1 ListedInSceneOutliner:1 IsMainWorldOnly:0
 |   |   |- Guid:1742DF43475F097453197AA79C7473D9 BaseClass: NativeClass:/Script/Engine.SkyLight Name:SkyLight_1 Label:SkyLight SpatiallyLoaded:0 Bounds:IsValid=true, Min=(X=0.000 Y=0.000 Z=690.000), Max=(X=0.000 Y=0.000 Z=690.000) RuntimeGrid:None EditorOnly:0 RuntimeOnly:0 HLODRelevant:0 ListedInSceneOutliner:1 IsMainWorldOnly:0 FolderPath:Lighting FolderGuid:4C9334684BA61B42C769F799D2576455
 |   |   |- Guid:189101CB498C9C535900A1BA43929FF3 BaseClass: NativeClass:/Script/Engine.StaticMeshActor Name:StaticMeshActor_UAID_A4BB6D4C230A772802_1826756860 Label:Cube14 SpatiallyLoaded:1 Bounds:IsValid=true, Min=(X=377.500 Y=2307.500 Z=-10.000), Max=(X=1202.500 Y=2332.500 Z=290.000) RuntimeGrid:None EditorOnly:0 RuntimeOnly:0 HLODRelevant:1 ListedInSceneOutliner:1 IsMainWorldOnly:0
 |   |   |- Guid:196B25CB498FAF23AA27089E233E7841 BaseClass: NativeClass:/Script/Engine.StaticMeshActor Name:StaticMeshActor_UAID_A4BB6D4C230A772802_1600840836 Label:Cube21 SpatiallyLoaded:1 Bounds:IsValid=true, Min=(X=1177.500 Y=2010.000 Z=-10.000), Max=(X=1202.500 Y=2310.000 Z=290.000) RuntimeGrid:None EditorOnly:0 RuntimeOnly:0 HLODRelevant:1 ListedInSceneOutliner:1 IsMainWorldOnly:0
 |   |   |- Guid:1A27BD6448C7E6126A335585DFE127A5 BaseClass:/Game/TopDown/Blueprints/BP_TopDownCharacter.BP_TopDownCharacter_C NativeClass:/Script/Engine.Character Name:BP_TopDownCharacter_C_UAID_A4BB6D4C230A762802_2018564524 Label:BP_TopDownCharacter SpatiallyLoaded:1 Bounds:IsValid=true, Min=(X=518.000 Y=1838.000 Z=-0.967), Max=(X=602.000 Y=1922.000 Z=192.000) RuntimeGrid:None EditorOnly:0 RuntimeOnly:0 HLODRelevant:0 ListedInSceneOutliner:1 IsMainWorldOnly:0
 |   |   |- Guid:1FEC8FAC495CEF0CE32492ADCBB96BAE BaseClass: NativeClass:/Script/AIModule.NavLinkProxy Name:NavLinkProxy_3 Label:NavLinkProxy3 SpatiallyLoaded:1 Bounds:IsValid=true, Min=(X=2240.000 Y=1030.000 Z=90.000), Max=(X=2240.000 Y=1030.000 Z=90.000) RuntimeGrid:None EditorOnly:0 RuntimeOnly:0 HLODRelevant:0 ListedInSceneOutliner:1 IsMainWorldOnly:0 FolderPath:Navigation FolderGuid:AE45D61F453CC144CF8289862C276E89
 |   |   |- Guid:2169CB5C470E0E674279BA96829753DD BaseClass: NativeClass:/Script/Engine.StaticMeshActor Name:StaticMeshActor_17 Label:SM_Cube SpatiallyLoaded:1 Bounds:IsValid=true, Min=(X=0.000 Y=0.000 Z=-50.000), Max=(X=3000.000 Y=3500.000 Z=0.000) RuntimeGrid:None EditorOnly:0 RuntimeOnly:0 HLODRelevant:1 ListedInSceneOutliner:1 IsMainWorldOnly:0 FolderPath:Playground FolderGuid:9FE5E8B349AF71F05F2688921F3F2AC5
 |   |   |- Guid:265A240044996BC75F093498CC2B5F93 BaseClass: NativeClass:/Script/Engine.StaticMeshActor Name:StaticMeshActor_UAID_A4BB6D4C230A772802_1683420842 Label:Cube103 SpatiallyLoaded:1 Bounds:IsValid=true, Min=(X=1437.500 Y=1777.500 Z=-10.000), Max=(X=1562.500 Y=1802.500 Z=190.000) RuntimeGrid:None EditorOnly:0 RuntimeOnly:0 HLODRelevant:1 ListedInSceneOutliner:1 IsMainWorldOnly:0
 |   |   |- Guid:2DF0D95440BE0EDA81652F860DC7268E BaseClass: NativeClass:/Script/Engine.WorldDataLayers Name:WorldDataLayers Label:WorldDataLayers SpatiallyLoaded:0 Bounds:IsValid=true, Min=(X=0.000 Y=0.000 Z=0.000), Max=(X=0.000 Y=0.000 Z=0.000) RuntimeGrid:None EditorOnly:0 RuntimeOnly:0 HLODRelevant:0 ListedInSceneOutliner:1 IsMainWorldOnly:1
 |   |   |- Guid:34D09879440CEE7CB4D0A997D027BB37 BaseClass: NativeClass:/Script/Engine.StaticMeshActor Name:StaticMeshActor_UAID_A4BB6D4C230A772802_1668154837 Label:Cube99 SpatiallyLoaded:1 Bounds:IsValid=true, Min=(X=1317.500 Y=2007.500 Z=-10.000), Max=(X=1442.500 Y=2032.500 Z=190.000) RuntimeGrid:None EditorOnly:0 RuntimeOnly:0 HLODRelevant:1 ListedInSceneOutliner:1 IsMainWorldOnly:0
 |   |   |- Guid:36C0774C4B47A050A2A6AE90A29D7963 BaseClass: NativeClass:/Script/Engine.StaticMeshActor Name:StaticMeshActor_UAID_A4BB6D4C230A762802_2098667530 Label:Cube13 SpatiallyLoaded:1 Bounds:IsValid=true, Min=(X=377.500 Y=1487.500 Z=-10.000), Max=(X=1202.500 Y=1512.500 Z=290.000) RuntimeGrid:None EditorOnly:0 RuntimeOnly:0 HLODRelevant:1 ListedInSceneOutliner:1 IsMainWorldOnly:0
 |   |   |- Guid:3A446CBD4CB5B075BB775B8AB65EE086 BaseClass: NativeClass:/Script/Engine.StaticMeshActor Name:StaticMeshActor_UAID_A4BB6D4C230A772802_1304550830 Label:Cube119 SpatiallyLoaded:1 Bounds:IsValid=true, Min=(X=1405.000 Y=307.500 Z=-5.000), Max=(X=1655.000 Y=332.500 Z=245.000) RuntimeGrid:None EditorOnly:0 RuntimeOnly:0 HLODRelevant:1 ListedInSceneOutliner:1 IsMainWorldOnly:0
 |   |   |- Guid:3AC868414F492DD5B25E309B8233DC83 BaseClass: NativeClass:/Script/Engine.StaticMeshActor Name:StaticMeshActor_UAID_A4BB6D4C230A772802_1738597852 Label:Cube113 SpatiallyLoaded:1 Bounds:IsValid=true, Min=(X=1897.500 Y=2007.500 Z=-10.000), Max=(X=1922.500 Y=2132.500 Z=190.000) RuntimeGrid:None EditorOnly:0 RuntimeOnly:0 HLODRelevant:1 ListedInSceneOutliner:1 IsMainWorldOnly:0
 |   |   |- Guid:4157EE93464E9B03AF882484CD5E146F BaseClass: NativeClass:/Script/Engine.StaticMeshActor Name:StaticMeshActor_UAID_A4BB6D4C230A772802_1721285851 Label:Cube112 SpatiallyLoaded:1 Bounds:IsValid=true, Min=(X=1677.500 Y=1677.500 Z=-10.000), Max=(X=1702.500 Y=1802.500 Z=190.000) RuntimeGrid:None EditorOnly:0 RuntimeOnly:0 HLODRelevant:1 ListedInSceneOutliner:1 IsMainWorldOnly:0
 |   |   |- Guid:417B1D4E419B3456172DD88E87703579 BaseClass: NativeClass:/Script/Engine.StaticMeshActor Name:StaticMeshActor_UAID_A4BB6D4C230A772802_1683421843 Label:Cube104 SpatiallyLoaded:1 Bounds:IsValid=true, Min=(X=1557.500 Y=1777.500 Z=-10.000), Max=(X=1682.500 Y=1802.500 Z=190.000) RuntimeGrid:None EditorOnly:0 RuntimeOnly:0 HLODRelevant:1 ListedInSceneOutliner:1 IsMainWorldOnly:0
 |   |   |- Guid:44CB7184413D97EA325D44ADCB4ACF2F BaseClass: NativeClass:/Script/Engine.StaticMeshActor Name:StaticMeshActor_UAID_A4BB6D4C230A772802_1721284850 Label:Cube111 SpatiallyLoaded:1 Bounds:IsValid=true, Min=(X=1677.500 Y=1557.500 Z=-10.000), Max=(X=1702.500 Y=1682.500 Z=190.000) RuntimeGrid:None EditorOnly:0 RuntimeOnly:0 HLODRelevant:1 ListedInSceneOutliner:1 IsMainWorldOnly:0
 |   |   |- Guid:54A23BAD4E97C2D334950D85112D3CE4 BaseClass: NativeClass:/Script/Engine.StaticMeshActor Name:StaticMeshActor_UAID_A4BB6D4C230A772802_1738604859 Label:Cube123 SpatiallyLoaded:1 Bounds:IsValid=true, Min=(X=1897.500 Y=1677.500 Z=-10.000), Max=(X=1922.500 Y=1802.500 Z=190.000) RuntimeGrid:None EditorOnly:0 RuntimeOnly:0 HLODRelevant:1 ListedInSceneOutliner:1 IsMainWorldOnly:0
 |   |   |- Guid:5826AF9E4B32919E588E0DA3111A6285 BaseClass: NativeClass:/Script/Engine.StaticMeshActor Name:StaticMeshActor_UAID_A4BB6D4C230A772802_1683417840 Label:Cube98 SpatiallyLoaded:1 Bounds:IsValid=true, Min=(X=1197.500 Y=1777.500 Z=-10.000), Max=(X=1322.500 Y=1802.500 Z=190.000) RuntimeGrid:None EditorOnly:0 RuntimeOnly:0 HLODRelevant:1 ListedInSceneOutliner:1 IsMainWorldOnly:0
 |   |   |- Guid:5F47939F4BB30944391032BEF3D5D175 BaseClass: NativeClass:/Script/Engine.StaticMeshActor Name:StaticMeshActor_UAID_A4BB6D4C230A772802_1738601856 Label:Cube117 SpatiallyLoaded:1 Bounds:IsValid=true, Min=(X=1897.500 Y=1317.500 Z=-10.000), Max=(X=1922.500 Y=1442.500 Z=190.000) RuntimeGrid:None EditorOnly:0 RuntimeOnly:0 HLODRelevant:1 ListedInSceneOutliner:1 IsMainWorldOnly:0
 |   |   |- Guid:6252C7D64ACF162A73EE65B11FE214D1 BaseClass: NativeClass:/Script/Engine.SkyAtmosphere Name:SkyAtmosphere_1 Label:SkyAtmosphere SpatiallyLoaded:0 Bounds:IsValid=true, Min=(X=0.000 Y=0.000 Z=1020.000), Max=(X=0.000 Y=0.000 Z=1020.000) RuntimeGrid:None EditorOnly:0 RuntimeOnly:0 HLODRelevant:0 ListedInSceneOutliner:1 IsMainWorldOnly:0 FolderPath:Lighting FolderGuid:4C9334684BA61B42C769F799D2576455
 |   |   |- Guid:66BCBF874D2A22ADC6523B95EE812CA3 BaseClass: NativeClass:/Script/Engine.StaticMeshActor Name:StaticMeshActor_UAID_A4AE111137DC5CFB00_1660657071 Label:SM_SkySphere SpatiallyLoaded:0 Bounds:IsValid=true, Min=(X=-1638400.000 Y=-1638400.000 Z=-1638400.000), Max=(X=1638400.000 Y=1638400.000 Z=1638400.000) RuntimeGrid:None EditorOnly:0 RuntimeOnly:0 HLODRelevant:1 ListedInSceneOutliner:1 IsMainWorldOnly:0 FolderPath:Lighting FolderGuid:4C9334684BA61B42C769F799D2576455
 |   |   |- Guid:6B627D004BECB30498352DBC51B02E8B BaseClass: NativeClass:/Script/Engine.StaticMeshActor Name:StaticMeshActor_UAID_A4BB6D4C230A772802_1738603858 Label:Cube122 SpatiallyLoaded:1 Bounds:IsValid=true, Min=(X=1897.500 Y=1557.500 Z=-10.000), Max=(X=1922.500 Y=1682.500 Z=190.000) RuntimeGrid:None EditorOnly:0 RuntimeOnly:0 HLODRelevant:1 ListedInSceneOutliner:1 IsMainWorldOnly:0
 |   |   |- Guid:77C5E63448031D090BA4B28AE8284862 BaseClass: NativeClass:/Script/Engine.StaticMeshActor Name:StaticMeshActor_UAID_A4BB6D4C230A772802_1738599854 Label:Cube115 SpatiallyLoaded:1 Bounds:IsValid=true, Min=(X=1897.500 Y=2247.500 Z=-10.000), Max=(X=1922.500 Y=2372.500 Z=190.000) RuntimeGrid:None EditorOnly:0 RuntimeOnly:0 HLODRelevant:1 ListedInSceneOutliner:1 IsMainWorldOnly:0
 |   |   |- Guid:77F893B3468595EE782136AD620D7EF4 BaseClass: NativeClass:/Script/Engine.VolumetricCloud Name:VolumetricCloud_0 Label:VolumetricCloud SpatiallyLoaded:0 Bounds:IsValid=true, Min=(X=0.000 Y=0.000 Z=820.000), Max=(X=0.000 Y=0.000 Z=820.000) RuntimeGrid:None EditorOnly:0 RuntimeOnly:0 HLODRelevant:0 ListedInSceneOutliner:1 IsMainWorldOnly:0 FolderPath:Lighting FolderGuid:4C9334684BA61B42C769F799D2576455
 |   |   |- Guid:815402764C76012C7014EE984836491B BaseClass: NativeClass:/Script/Engine.StaticMeshActor Name:StaticMeshActor_UAID_A4BB6D4C230A772802_1698331844 Label:Cube105 SpatiallyLoaded:1 Bounds:IsValid=true, Min=(X=1677.500 Y=2007.500 Z=-10.000), Max=(X=1702.500 Y=2132.500 Z=190.000) RuntimeGrid:None EditorOnly:0 RuntimeOnly:0 HLODRelevant:1 ListedInSceneOutliner:1 IsMainWorldOnly:0
 |   |   |- Guid:95CE139648A4C79E561EFDAB0E8112BC BaseClass: NativeClass:/Script/Engine.StaticMeshActor Name:StaticMeshActor_UAID_A4BB6D4C230A772802_1332509832 Label:Cube121 SpatiallyLoaded:1 Bounds:IsValid=true, Min=(X=1905.000 Y=307.500 Z=-5.000), Max=(X=2155.000 Y=332.500 Z=245.000) RuntimeGrid:None EditorOnly:0 RuntimeOnly:0 HLODRelevant:1 ListedInSceneOutliner:1 IsMainWorldOnly:0
 |   |   |- Guid:9C0EEF8740560F5306DAF8B051F93323 BaseClass: NativeClass:/Script/Engine.StaticMeshActor Name:StaticMeshActor_UAID_A4BB6D4C230A772802_1738599853 Label:Cube114 SpatiallyLoaded:1 Bounds:IsValid=true, Min=(X=1897.500 Y=2127.500 Z=-10.000), Max=(X=1922.500 Y=2252.500 Z=190.000) RuntimeGrid:None EditorOnly:0 RuntimeOnly:0 HLODRelevant:1 ListedInSceneOutliner:1 IsMainWorldOnly:0
 |   |   |- Guid:AA2313AC4ED52B2DEE1146B3F0AEE0D1 BaseClass: NativeClass:/Script/Engine.StaticMeshActor Name:StaticMeshActor_UAID_A4BB6D4C230A772802_1698334846 Label:Cube107 SpatiallyLoaded:1 Bounds:IsValid=true, Min=(X=1677.500 Y=2247.500 Z=-10.000), Max=(X=1702.500 Y=2372.500 Z=190.000) RuntimeGrid:None EditorOnly:0 RuntimeOnly:0 HLODRelevant:1 ListedInSceneOutliner:1 IsMainWorldOnly:0
 |   |   |- Guid:AECEEEE741E6DE68F6843FA49564A956 BaseClass: NativeClass:/Script/Engine.DirectionalLight Name:DirectionalLight_1 Label:DirectionalLight SpatiallyLoaded:0 Bounds:IsValid=true, Min=(X=-1048576.000 Y=-1048576.000 Z=-1048576.000), Max=(X=1048576.000 Y=1048576.000 Z=1048576.000) RuntimeGrid:None EditorOnly:0 RuntimeOnly:0 HLODRelevant:0 ListedInSceneOutliner:1 IsMainWorldOnly:0 FolderPath:Lighting FolderGuid:4C9334684BA61B42C769F799D2576455
 |   |   |- Guid:CB69DE764646237AAC251FBC43FE330F BaseClass: NativeClass:/Script/Engine.StaticMeshActor Name:StaticMeshActor_UAID_A4BB6D4C230A772802_1698333845 Label:Cube106 SpatiallyLoaded:1 Bounds:IsValid=true, Min=(X=1677.500 Y=2127.500 Z=-10.000), Max=(X=1702.500 Y=2252.500 Z=190.000) RuntimeGrid:None EditorOnly:0 RuntimeOnly:0 HLODRelevant:1 ListedInSceneOutliner:1 IsMainWorldOnly:0
 |   |   |- Guid:D24D61B944EF71BE7BC469B7EB239299 BaseClass: NativeClass:/Script/Engine.ExponentialHeightFog Name:ExponentialHeightFog_1 Label:ExponentialHeightFog SpatiallyLoaded:0 Bounds:IsValid=true, Min=(X=-5600.000 Y=-50.000 Z=-6850.000), Max=(X=-5600.000 Y=-50.000 Z=-6850.000) RuntimeGrid:None EditorOnly:0 RuntimeOnly:0 HLODRelevant:0 ListedInSceneOutliner:1 IsMainWorldOnly:0 FolderPath:Lighting FolderGuid:4C9334684BA61B42C769F799D2576455
 |   |   |- Guid:D5ADEA6748B6FFDC66FA2CBC8BB5C61F BaseClass: NativeClass:/Script/Engine.StaticMeshActor Name:StaticMeshActor_UAID_A4BB6D4C230A772802_1855616862 Label:Cube16 SpatiallyLoaded:1 Bounds:IsValid=true, Min=(X=357.500 Y=1487.500 Z=-10.000), Max=(X=382.500 Y=2312.500 Z=290.000) RuntimeGrid:None EditorOnly:0 RuntimeOnly:0 HLODRelevant:1 ListedInSceneOutliner:1 IsMainWorldOnly:0
 |   |   |- Guid:DB5D526B4D6644A9E7E70ABA6C22070F BaseClass: NativeClass:/Script/Engine.StaticMeshActor Name:StaticMeshActor_UAID_A4BB6D4C230A772802_1178841792 Label:Cube97 SpatiallyLoaded:1 Bounds:IsValid=true, Min=(X=1197.500 Y=2007.500 Z=-10.000), Max=(X=1322.500 Y=2032.500 Z=190.000) RuntimeGrid:None EditorOnly:0 RuntimeOnly:0 HLODRelevant:1 ListedInSceneOutliner:1 IsMainWorldOnly:0
 |   |   |- Guid:E15CD20A4AEDA4C0917CAAA2FA1A3DCA BaseClass: NativeClass:/Script/Engine.StaticMeshActor Name:StaticMeshActor_UAID_A4BB6D4C230A772802_1738600855 Label:Cube116 SpatiallyLoaded:1 Bounds:IsValid=true, Min=(X=1897.500 Y=2367.500 Z=-10.000), Max=(X=1922.500 Y=2492.500 Z=190.000) RuntimeGrid:None EditorOnly:0 RuntimeOnly:0 HLODRelevant:1 ListedInSceneOutliner:1 IsMainWorldOnly:0
 |   |   |- Guid:E395C65E4B79F7F1E2273D959339B81A BaseClass: NativeClass:/Script/Engine.StaticMeshActor Name:StaticMeshActor_UAID_A4BB6D4C230A762802_2135236537 Label:Cube20 SpatiallyLoaded:1 Bounds:IsValid=true, Min=(X=1177.500 Y=1510.000 Z=-10.000), Max=(X=1202.500 Y=1810.000 Z=290.000) RuntimeGrid:None EditorOnly:0 RuntimeOnly:0 HLODRelevant:1 ListedInSceneOutliner:1 IsMainWorldOnly:0
 |   |   |- Guid:ED702DEB4F4A6D94A5DB4F9C337C2079 BaseClass: NativeClass:/Script/Engine.TextRenderActor Name:TextRenderActor_0 Label:TextRenderActor SpatiallyLoaded:1 Bounds:IsValid=true, Min=(X=-0.100 Y=1100.000 Z=65.013), Max=(X=-0.100 Y=2225.000 Z=215.013) RuntimeGrid:None EditorOnly:0 RuntimeOnly:0 HLODRelevant:0 ListedInSceneOutliner:1 IsMainWorldOnly:0
 |   |   |- Guid:F33CC5014C49925B3A9D52A063AF483F BaseClass: NativeClass:/Script/Engine.PlayerStart Name:PlayerStart_0 Label:PlayerStart SpatiallyLoaded:0 Bounds:IsValid=true, Min=(X=960.000 Y=1770.000 Z=0.013), Max=(X=1040.000 Y=1850.000 Z=184.013) RuntimeGrid:None EditorOnly:0 RuntimeOnly:0 HLODRelevant:0 ListedInSceneOutliner:1 IsMainWorldOnly:0
 |   |   |- Guid:F7154A9F468CCD8971D9FCA236D741F1 BaseClass: NativeClass:/Script/Engine.StaticMeshActor Name:StaticMeshActor_UAID_A4BB6D4C230A772802_1698335847 Label:Cube108 SpatiallyLoaded:1 Bounds:IsValid=true, Min=(X=1677.500 Y=2367.500 Z=-10.000), Max=(X=1702.500 Y=2492.500 Z=190.000) RuntimeGrid:None EditorOnly:0 RuntimeOnly:0 HLODRelevant:1 ListedInSceneOutliner:1 IsMainWorldOnly:0
 |   |   |- Guid:FB3B83F04EC1150FBBE874B5F0EA9FD2 BaseClass: NativeClass:/Script/Engine.StaticMeshActor Name:StaticMeshActor_UAID_A4BB6D4C230A772802_1683419841 Label:Cube102 SpatiallyLoaded:1 Bounds:IsValid=true, Min=(X=1317.500 Y=1777.500 Z=-10.000), Max=(X=1442.500 Y=1802.500 Z=190.000) RuntimeGrid:None EditorOnly:0 RuntimeOnly:0 HLODRelevant:1 ListedInSceneOutliner:1 IsMainWorldOnly:0
 |   |   |- Guid:FD8EE8B3435094D716B1CEA61CC51154 BaseClass: NativeClass:/Script/Engine.StaticMeshActor Name:StaticMeshActor_UAID_A4BB6D4C230A772802_1721281848 Label:Cube109 SpatiallyLoaded:1 Bounds:IsValid=true, Min=(X=1677.500 Y=1317.500 Z=-10.000), Max=(X=1702.500 Y=1442.500 Z=190.000) RuntimeGrid:None EditorOnly:0 RuntimeOnly:0 HLODRelevant:1 ListedInSceneOutliner:1 IsMainWorldOnly:0
 |   |- [+] Clusters:
 |   |   |- [+] [  0]
 |   |   |   |- Guid:012C268B4827E1961241D186CD37A892 BaseClass: NativeClass:/Script/Engine.StaticMeshActor Name:StaticMeshActor_UAID_A4BB6D4C230A772802_1721283849 Label:Cube110 SpatiallyLoaded:1 Bounds:IsValid=true, Min=(X=1677.500 Y=1437.500 Z=-10.000), Max=(X=1702.500 Y=1562.500 Z=190.000) RuntimeGrid:None EditorOnly:0 RuntimeOnly:0 HLODRelevant:1 ListedInSceneOutliner:1 IsMainWorldOnly:0
 |   |   |- [+] [  1]
 |   |   |   |- Guid:03585E30411BA76A541DF4A2D8BB430C BaseClass: NativeClass:/Script/Engine.StaticMeshActor Name:StaticMeshActor_UAID_A4BB6D4C230A772802_1738602857 Label:Cube118 SpatiallyLoaded:1 Bounds:IsValid=true, Min=(X=1897.500 Y=1437.500 Z=-10.000), Max=(X=1922.500 Y=1562.500 Z=190.000) RuntimeGrid:None EditorOnly:0 RuntimeOnly:0 HLODRelevant:1 ListedInSceneOutliner:1 IsMainWorldOnly:0
 |   |   |- [+] [  2]
 |   |   |   |- Guid:0EB33E2442AC312D7A4055AF66E34DFF BaseClass: NativeClass:/Script/Engine.StaticMeshActor Name:StaticMeshActor_UAID_A4BB6D4C230A772802_1149899774 Label:Cube81 SpatiallyLoaded:1 Bounds:IsValid=true, Min=(X=1177.500 Y=1810.000 Z=245.000), Max=(X=1202.500 Y=2010.000 Z=295.000) RuntimeGrid:None EditorOnly:0 RuntimeOnly:0 HLODRelevant:1 ListedInSceneOutliner:1 IsMainWorldOnly:0
 |   |   |- [+] [  3]
 |   |   |   |- Guid:0F88ACFD4FB62107B5EC1788E17F60A8 BaseClass: NativeClass:/Script/Engine.StaticMeshActor Name:StaticMeshActor_UAID_A4BB6D4C230A772802_1670580838 Label:Cube100 SpatiallyLoaded:1 Bounds:IsValid=true, Min=(X=1437.500 Y=2007.500 Z=-10.000), Max=(X=1562.500 Y=2032.500 Z=190.000) RuntimeGrid:None EditorOnly:0 RuntimeOnly:0 HLODRelevant:1 ListedInSceneOutliner:1 IsMainWorldOnly:0
 |   |   |- [+] [  4]
 |   |   |   |- Guid:1420EE724CF9B61715D1E3928F0D41A4 BaseClass: NativeClass:/Script/Engine.StaticMeshActor Name:StaticMeshActor_UAID_A4BB6D4C230A772802_1675078839 Label:Cube101 SpatiallyLoaded:1 Bounds:IsValid=true, Min=(X=1557.500 Y=2007.500 Z=-10.000), Max=(X=1682.500 Y=2032.500 Z=190.000) RuntimeGrid:None EditorOnly:0 RuntimeOnly:0 HLODRelevant:1 ListedInSceneOutliner:1 IsMainWorldOnly:0
 |   |   |- [+] [  5]
 |   |   |   |- Guid:147C8D134B12D635012D5F8C57D2C96F BaseClass: NativeClass:/Script/Engine.PostProcessVolume Name:PostProcessVolume_1 Label:PostProcessVolume SpatiallyLoaded:0 Bounds:IsValid=true, Min=(X=0.000 Y=0.000 Z=400.000), Max=(X=200.000 Y=200.000 Z=600.000) RuntimeGrid:None EditorOnly:0 RuntimeOnly:0 HLODRelevant:0 ListedInSceneOutliner:1 IsMainWorldOnly:0 FolderPath:Lighting FolderGuid:4C9334684BA61B42C769F799D2576455
 |   |   |- [+] [  6]
 |   |   |   |- Guid:151797EA4032673E45E552AF3FB25D35 BaseClass: NativeClass:/Script/Engine.StaticMeshActor Name:StaticMeshActor_UAID_A4BB6D4C230A772802_1342434833 Label:Cube120 SpatiallyLoaded:1 Bounds:IsValid=true, Min=(X=1627.500 Y=65.000 Z=-5.000), Max=(X=1652.500 Y=315.000 Z=245.000) RuntimeGrid:None EditorOnly:0 RuntimeOnly:0 HLODRelevant:1 ListedInSceneOutliner:1 IsMainWorldOnly:0
 |   |   |- [+] [  7]
 |   |   |   |- Guid:1742DF43475F097453197AA79C7473D9 BaseClass: NativeClass:/Script/Engine.SkyLight Name:SkyLight_1 Label:SkyLight SpatiallyLoaded:0 Bounds:IsValid=true, Min=(X=0.000 Y=0.000 Z=690.000), Max=(X=0.000 Y=0.000 Z=690.000) RuntimeGrid:None EditorOnly:0 RuntimeOnly:0 HLODRelevant:0 ListedInSceneOutliner:1 IsMainWorldOnly:0 FolderPath:Lighting FolderGuid:4C9334684BA61B42C769F799D2576455
 |   |   |- [+] [  8]
 |   |   |   |- Guid:189101CB498C9C535900A1BA43929FF3 BaseClass: NativeClass:/Script/Engine.StaticMeshActor Name:StaticMeshActor_UAID_A4BB6D4C230A772802_1826756860 Label:Cube14 SpatiallyLoaded:1 Bounds:IsValid=true, Min=(X=377.500 Y=2307.500 Z=-10.000), Max=(X=1202.500 Y=2332.500 Z=290.000) RuntimeGrid:None EditorOnly:0 RuntimeOnly:0 HLODRelevant:1 ListedInSceneOutliner:1 IsMainWorldOnly:0
 |   |   |- [+] [  9]
 |   |   |   |- Guid:196B25CB498FAF23AA27089E233E7841 BaseClass: NativeClass:/Script/Engine.StaticMeshActor Name:StaticMeshActor_UAID_A4BB6D4C230A772802_1600840836 Label:Cube21 SpatiallyLoaded:1 Bounds:IsValid=true, Min=(X=1177.500 Y=2010.000 Z=-10.000), Max=(X=1202.500 Y=2310.000 Z=290.000) RuntimeGrid:None EditorOnly:0 RuntimeOnly:0 HLODRelevant:1 ListedInSceneOutliner:1 IsMainWorldOnly:0
 |   |   |- [+] [ 10]
 |   |   |   |- Guid:1A27BD6448C7E6126A335585DFE127A5 BaseClass:/Game/TopDown/Blueprints/BP_TopDownCharacter.BP_TopDownCharacter_C NativeClass:/Script/Engine.Character Name:BP_TopDownCharacter_C_UAID_A4BB6D4C230A762802_2018564524 Label:BP_TopDownCharacter SpatiallyLoaded:1 Bounds:IsValid=true, Min=(X=518.000 Y=1838.000 Z=-0.967), Max=(X=602.000 Y=1922.000 Z=192.000) RuntimeGrid:None EditorOnly:0 RuntimeOnly:0 HLODRelevant:0 ListedInSceneOutliner:1 IsMainWorldOnly:0
 |   |   |- [+] [ 11]
 |   |   |   |- Guid:1FEC8FAC495CEF0CE32492ADCBB96BAE BaseClass: NativeClass:/Script/AIModule.NavLinkProxy Name:NavLinkProxy_3 Label:NavLinkProxy3 SpatiallyLoaded:1 Bounds:IsValid=true, Min=(X=2240.000 Y=1030.000 Z=90.000), Max=(X=2240.000 Y=1030.000 Z=90.000) RuntimeGrid:None EditorOnly:0 RuntimeOnly:0 HLODRelevant:0 ListedInSceneOutliner:1 IsMainWorldOnly:0 FolderPath:Navigation FolderGuid:AE45D61F453CC144CF8289862C276E89
 |   |   |- [+] [ 12]
 |   |   |   |- Guid:2169CB5C470E0E674279BA96829753DD BaseClass: NativeClass:/Script/Engine.StaticMeshActor Name:StaticMeshActor_17 Label:SM_Cube SpatiallyLoaded:1 Bounds:IsValid=true, Min=(X=0.000 Y=0.000 Z=-50.000), Max=(X=3000.000 Y=3500.000 Z=0.000) RuntimeGrid:None EditorOnly:0 RuntimeOnly:0 HLODRelevant:1 ListedInSceneOutliner:1 IsMainWorldOnly:0 FolderPath:Playground FolderGuid:9FE5E8B349AF71F05F2688921F3F2AC5
 |   |   |- [+] [ 13]
 |   |   |   |- Guid:265A240044996BC75F093498CC2B5F93 BaseClass: NativeClass:/Script/Engine.StaticMeshActor Name:StaticMeshActor_UAID_A4BB6D4C230A772802_1683420842 Label:Cube103 SpatiallyLoaded:1 Bounds:IsValid=true, Min=(X=1437.500 Y=1777.500 Z=-10.000), Max=(X=1562.500 Y=1802.500 Z=190.000) RuntimeGrid:None EditorOnly:0 RuntimeOnly:0 HLODRelevant:1 ListedInSceneOutliner:1 IsMainWorldOnly:0
 |   |   |- [+] [ 14]
 |   |   |   |- Guid:2DF0D95440BE0EDA81652F860DC7268E BaseClass: NativeClass:/Script/Engine.WorldDataLayers Name:WorldDataLayers Label:WorldDataLayers SpatiallyLoaded:0 Bounds:IsValid=true, Min=(X=0.000 Y=0.000 Z=0.000), Max=(X=0.000 Y=0.000 Z=0.000) RuntimeGrid:None EditorOnly:0 RuntimeOnly:0 HLODRelevant:0 ListedInSceneOutliner:1 IsMainWorldOnly:1
 |   |   |- [+] [ 15]
 |   |   |   |- Guid:34D09879440CEE7CB4D0A997D027BB37 BaseClass: NativeClass:/Script/Engine.StaticMeshActor Name:StaticMeshActor_UAID_A4BB6D4C230A772802_1668154837 Label:Cube99 SpatiallyLoaded:1 Bounds:IsValid=true, Min=(X=1317.500 Y=2007.500 Z=-10.000), Max=(X=1442.500 Y=2032.500 Z=190.000) RuntimeGrid:None EditorOnly:0 RuntimeOnly:0 HLODRelevant:1 ListedInSceneOutliner:1 IsMainWorldOnly:0
 |   |   |- [+] [ 16]
 |   |   |   |- Guid:36C0774C4B47A050A2A6AE90A29D7963 BaseClass: NativeClass:/Script/Engine.StaticMeshActor Name:StaticMeshActor_UAID_A4BB6D4C230A762802_2098667530 Label:Cube13 SpatiallyLoaded:1 Bounds:IsValid=true, Min=(X=377.500 Y=1487.500 Z=-10.000), Max=(X=1202.500 Y=1512.500 Z=290.000) RuntimeGrid:None EditorOnly:0 RuntimeOnly:0 HLODRelevant:1 ListedInSceneOutliner:1 IsMainWorldOnly:0
 |   |   |- [+] [ 17]
 |   |   |   |- Guid:3A446CBD4CB5B075BB775B8AB65EE086 BaseClass: NativeClass:/Script/Engine.StaticMeshActor Name:StaticMeshActor_UAID_A4BB6D4C230A772802_1304550830 Label:Cube119 SpatiallyLoaded:1 Bounds:IsValid=true, Min=(X=1405.000 Y=307.500 Z=-5.000), Max=(X=1655.000 Y=332.500 Z=245.000) RuntimeGrid:None EditorOnly:0 RuntimeOnly:0 HLODRelevant:1 ListedInSceneOutliner:1 IsMainWorldOnly:0
 |   |   |- [+] [ 18]
 |   |   |   |- Guid:3AC868414F492DD5B25E309B8233DC83 BaseClass: NativeClass:/Script/Engine.StaticMeshActor Name:StaticMeshActor_UAID_A4BB6D4C230A772802_1738597852 Label:Cube113 SpatiallyLoaded:1 Bounds:IsValid=true, Min=(X=1897.500 Y=2007.500 Z=-10.000), Max=(X=1922.500 Y=2132.500 Z=190.000) RuntimeGrid:None EditorOnly:0 RuntimeOnly:0 HLODRelevant:1 ListedInSceneOutliner:1 IsMainWorldOnly:0
 |   |   |- [+] [ 19]
 |   |   |   |- Guid:4157EE93464E9B03AF882484CD5E146F BaseClass: NativeClass:/Script/Engine.StaticMeshActor Name:StaticMeshActor_UAID_A4BB6D4C230A772802_1721285851 Label:Cube112 SpatiallyLoaded:1 Bounds:IsValid=true, Min=(X=1677.500 Y=1677.500 Z=-10.000), Max=(X=1702.500 Y=1802.500 Z=190.000) RuntimeGrid:None EditorOnly:0 RuntimeOnly:0 HLODRelevant:1 ListedInSceneOutliner:1 IsMainWorldOnly:0
 |   |   |- [+] [ 20]
 |   |   |   |- Guid:417B1D4E419B3456172DD88E87703579 BaseClass: NativeClass:/Script/Engine.StaticMeshActor Name:StaticMeshActor_UAID_A4BB6D4C230A772802_1683421843 Label:Cube104 SpatiallyLoaded:1 Bounds:IsValid=true, Min=(X=1557.500 Y=1777.500 Z=-10.000), Max=(X=1682.500 Y=1802.500 Z=190.000) RuntimeGrid:None EditorOnly:0 RuntimeOnly:0 HLODRelevant:1 ListedInSceneOutliner:1 IsMainWorldOnly:0
 |   |   |- [+] [ 21]
 |   |   |   |- Guid:44CB7184413D97EA325D44ADCB4ACF2F BaseClass: NativeClass:/Script/Engine.StaticMeshActor Name:StaticMeshActor_UAID_A4BB6D4C230A772802_1721284850 Label:Cube111 SpatiallyLoaded:1 Bounds:IsValid=true, Min=(X=1677.500 Y=1557.500 Z=-10.000), Max=(X=1702.500 Y=1682.500 Z=190.000) RuntimeGrid:None EditorOnly:0 RuntimeOnly:0 HLODRelevant:1 ListedInSceneOutliner:1 IsMainWorldOnly:0
 |   |   |- [+] [ 22]
 |   |   |   |- Guid:54A23BAD4E97C2D334950D85112D3CE4 BaseClass: NativeClass:/Script/Engine.StaticMeshActor Name:StaticMeshActor_UAID_A4BB6D4C230A772802_1738604859 Label:Cube123 SpatiallyLoaded:1 Bounds:IsValid=true, Min=(X=1897.500 Y=1677.500 Z=-10.000), Max=(X=1922.500 Y=1802.500 Z=190.000) RuntimeGrid:None EditorOnly:0 RuntimeOnly:0 HLODRelevant:1 ListedInSceneOutliner:1 IsMainWorldOnly:0
 |   |   |- [+] [ 23]
 |   |   |   |- Guid:5826AF9E4B32919E588E0DA3111A6285 BaseClass: NativeClass:/Script/Engine.StaticMeshActor Name:StaticMeshActor_UAID_A4BB6D4C230A772802_1683417840 Label:Cube98 SpatiallyLoaded:1 Bounds:IsValid=true, Min=(X=1197.500 Y=1777.500 Z=-10.000), Max=(X=1322.500 Y=1802.500 Z=190.000) RuntimeGrid:None EditorOnly:0 RuntimeOnly:0 HLODRelevant:1 ListedInSceneOutliner:1 IsMainWorldOnly:0
 |   |   |- [+] [ 24]
 |   |   |   |- Guid:5F47939F4BB30944391032BEF3D5D175 BaseClass: NativeClass:/Script/Engine.StaticMeshActor Name:StaticMeshActor_UAID_A4BB6D4C230A772802_1738601856 Label:Cube117 SpatiallyLoaded:1 Bounds:IsValid=true, Min=(X=1897.500 Y=1317.500 Z=-10.000), Max=(X=1922.500 Y=1442.500 Z=190.000) RuntimeGrid:None EditorOnly:0 RuntimeOnly:0 HLODRelevant:1 ListedInSceneOutliner:1 IsMainWorldOnly:0
 |   |   |- [+] [ 25]
 |   |   |   |- Guid:6252C7D64ACF162A73EE65B11FE214D1 BaseClass: NativeClass:/Script/Engine.SkyAtmosphere Name:SkyAtmosphere_1 Label:SkyAtmosphere SpatiallyLoaded:0 Bounds:IsValid=true, Min=(X=0.000 Y=0.000 Z=1020.000), Max=(X=0.000 Y=0.000 Z=1020.000) RuntimeGrid:None EditorOnly:0 RuntimeOnly:0 HLODRelevant:0 ListedInSceneOutliner:1 IsMainWorldOnly:0 FolderPath:Lighting FolderGuid:4C9334684BA61B42C769F799D2576455
 |   |   |- [+] [ 26]
 |   |   |   |- Guid:66BCBF874D2A22ADC6523B95EE812CA3 BaseClass: NativeClass:/Script/Engine.StaticMeshActor Name:StaticMeshActor_UAID_A4AE111137DC5CFB00_1660657071 Label:SM_SkySphere SpatiallyLoaded:0 Bounds:IsValid=true, Min=(X=-1638400.000 Y=-1638400.000 Z=-1638400.000), Max=(X=1638400.000 Y=1638400.000 Z=1638400.000) RuntimeGrid:None EditorOnly:0 RuntimeOnly:0 HLODRelevant:1 ListedInSceneOutliner:1 IsMainWorldOnly:0 FolderPath:Lighting FolderGuid:4C9334684BA61B42C769F799D2576455
 |   |   |- [+] [ 27]
 |   |   |   |- Guid:6B627D004BECB30498352DBC51B02E8B BaseClass: NativeClass:/Script/Engine.StaticMeshActor Name:StaticMeshActor_UAID_A4BB6D4C230A772802_1738603858 Label:Cube122 SpatiallyLoaded:1 Bounds:IsValid=true, Min=(X=1897.500 Y=1557.500 Z=-10.000), Max=(X=1922.500 Y=1682.500 Z=190.000) RuntimeGrid:None EditorOnly:0 RuntimeOnly:0 HLODRelevant:1 ListedInSceneOutliner:1 IsMainWorldOnly:0
 |   |   |- [+] [ 28]
 |   |   |   |- Guid:77C5E63448031D090BA4B28AE8284862 BaseClass: NativeClass:/Script/Engine.StaticMeshActor Name:StaticMeshActor_UAID_A4BB6D4C230A772802_1738599854 Label:Cube115 SpatiallyLoaded:1 Bounds:IsValid=true, Min=(X=1897.500 Y=2247.500 Z=-10.000), Max=(X=1922.500 Y=2372.500 Z=190.000) RuntimeGrid:None EditorOnly:0 RuntimeOnly:0 HLODRelevant:1 ListedInSceneOutliner:1 IsMainWorldOnly:0
 |   |   |- [+] [ 29]
 |   |   |   |- Guid:77F893B3468595EE782136AD620D7EF4 BaseClass: NativeClass:/Script/Engine.VolumetricCloud Name:VolumetricCloud_0 Label:VolumetricCloud SpatiallyLoaded:0 Bounds:IsValid=true, Min=(X=0.000 Y=0.000 Z=820.000), Max=(X=0.000 Y=0.000 Z=820.000) RuntimeGrid:None EditorOnly:0 RuntimeOnly:0 HLODRelevant:0 ListedInSceneOutliner:1 IsMainWorldOnly:0 FolderPath:Lighting FolderGuid:4C9334684BA61B42C769F799D2576455
 |   |   |- [+] [ 30]
 |   |   |   |- Guid:815402764C76012C7014EE984836491B BaseClass: NativeClass:/Script/Engine.StaticMeshActor Name:StaticMeshActor_UAID_A4BB6D4C230A772802_1698331844 Label:Cube105 SpatiallyLoaded:1 Bounds:IsValid=true, Min=(X=1677.500 Y=2007.500 Z=-10.000), Max=(X=1702.500 Y=2132.500 Z=190.000) RuntimeGrid:None EditorOnly:0 RuntimeOnly:0 HLODRelevant:1 ListedInSceneOutliner:1 IsMainWorldOnly:0
 |   |   |- [+] [ 31]
 |   |   |   |- Guid:95CE139648A4C79E561EFDAB0E8112BC BaseClass: NativeClass:/Script/Engine.StaticMeshActor Name:StaticMeshActor_UAID_A4BB6D4C230A772802_1332509832 Label:Cube121 SpatiallyLoaded:1 Bounds:IsValid=true, Min=(X=1905.000 Y=307.500 Z=-5.000), Max=(X=2155.000 Y=332.500 Z=245.000) RuntimeGrid:None EditorOnly:0 RuntimeOnly:0 HLODRelevant:1 ListedInSceneOutliner:1 IsMainWorldOnly:0
 |   |   |- [+] [ 32]
 |   |   |   |- Guid:9C0EEF8740560F5306DAF8B051F93323 BaseClass: NativeClass:/Script/Engine.StaticMeshActor Name:StaticMeshActor_UAID_A4BB6D4C230A772802_1738599853 Label:Cube114 SpatiallyLoaded:1 Bounds:IsValid=true, Min=(X=1897.500 Y=2127.500 Z=-10.000), Max=(X=1922.500 Y=2252.500 Z=190.000) RuntimeGrid:None EditorOnly:0 RuntimeOnly:0 HLODRelevant:1 ListedInSceneOutliner:1 IsMainWorldOnly:0
 |   |   |- [+] [ 33]
 |   |   |   |- Guid:AA2313AC4ED52B2DEE1146B3F0AEE0D1 BaseClass: NativeClass:/Script/Engine.StaticMeshActor Name:StaticMeshActor_UAID_A4BB6D4C230A772802_1698334846 Label:Cube107 SpatiallyLoaded:1 Bounds:IsValid=true, Min=(X=1677.500 Y=2247.500 Z=-10.000), Max=(X=1702.500 Y=2372.500 Z=190.000) RuntimeGrid:None EditorOnly:0 RuntimeOnly:0 HLODRelevant:1 ListedInSceneOutliner:1 IsMainWorldOnly:0
 |   |   |- [+] [ 34]
 |   |   |   |- Guid:AECEEEE741E6DE68F6843FA49564A956 BaseClass: NativeClass:/Script/Engine.DirectionalLight Name:DirectionalLight_1 Label:DirectionalLight SpatiallyLoaded:0 Bounds:IsValid=true, Min=(X=-1048576.000 Y=-1048576.000 Z=-1048576.000), Max=(X=1048576.000 Y=1048576.000 Z=1048576.000) RuntimeGrid:None EditorOnly:0 RuntimeOnly:0 HLODRelevant:0 ListedInSceneOutliner:1 IsMainWorldOnly:0 FolderPath:Lighting FolderGuid:4C9334684BA61B42C769F799D2576455
 |   |   |- [+] [ 35]
 |   |   |   |- Guid:CB69DE764646237AAC251FBC43FE330F BaseClass: NativeClass:/Script/Engine.StaticMeshActor Name:StaticMeshActor_UAID_A4BB6D4C230A772802_1698333845 Label:Cube106 SpatiallyLoaded:1 Bounds:IsValid=true, Min=(X=1677.500 Y=2127.500 Z=-10.000), Max=(X=1702.500 Y=2252.500 Z=190.000) RuntimeGrid:None EditorOnly:0 RuntimeOnly:0 HLODRelevant:1 ListedInSceneOutliner:1 IsMainWorldOnly:0
 |   |   |- [+] [ 36]
 |   |   |   |- Guid:D24D61B944EF71BE7BC469B7EB239299 BaseClass: NativeClass:/Script/Engine.ExponentialHeightFog Name:ExponentialHeightFog_1 Label:ExponentialHeightFog SpatiallyLoaded:0 Bounds:IsValid=true, Min=(X=-5600.000 Y=-50.000 Z=-6850.000), Max=(X=-5600.000 Y=-50.000 Z=-6850.000) RuntimeGrid:None EditorOnly:0 RuntimeOnly:0 HLODRelevant:0 ListedInSceneOutliner:1 IsMainWorldOnly:0 FolderPath:Lighting FolderGuid:4C9334684BA61B42C769F799D2576455
 |   |   |- [+] [ 37]
 |   |   |   |- Guid:D5ADEA6748B6FFDC66FA2CBC8BB5C61F BaseClass: NativeClass:/Script/Engine.StaticMeshActor Name:StaticMeshActor_UAID_A4BB6D4C230A772802_1855616862 Label:Cube16 SpatiallyLoaded:1 Bounds:IsValid=true, Min=(X=357.500 Y=1487.500 Z=-10.000), Max=(X=382.500 Y=2312.500 Z=290.000) RuntimeGrid:None EditorOnly:0 RuntimeOnly:0 HLODRelevant:1 ListedInSceneOutliner:1 IsMainWorldOnly:0
 |   |   |- [+] [ 38]
 |   |   |   |- Guid:DB5D526B4D6644A9E7E70ABA6C22070F BaseClass: NativeClass:/Script/Engine.StaticMeshActor Name:StaticMeshActor_UAID_A4BB6D4C230A772802_1178841792 Label:Cube97 SpatiallyLoaded:1 Bounds:IsValid=true, Min=(X=1197.500 Y=2007.500 Z=-10.000), Max=(X=1322.500 Y=2032.500 Z=190.000) RuntimeGrid:None EditorOnly:0 RuntimeOnly:0 HLODRelevant:1 ListedInSceneOutliner:1 IsMainWorldOnly:0
 |   |   |- [+] [ 39]
 |   |   |   |- Guid:E15CD20A4AEDA4C0917CAAA2FA1A3DCA BaseClass: NativeClass:/Script/Engine.StaticMeshActor Name:StaticMeshActor_UAID_A4BB6D4C230A772802_1738600855 Label:Cube116 SpatiallyLoaded:1 Bounds:IsValid=true, Min=(X=1897.500 Y=2367.500 Z=-10.000), Max=(X=1922.500 Y=2492.500 Z=190.000) RuntimeGrid:None EditorOnly:0 RuntimeOnly:0 HLODRelevant:1 ListedInSceneOutliner:1 IsMainWorldOnly:0
 |   |   |- [+] [ 40]
 |   |   |   |- Guid:E395C65E4B79F7F1E2273D959339B81A BaseClass: NativeClass:/Script/Engine.StaticMeshActor Name:StaticMeshActor_UAID_A4BB6D4C230A762802_2135236537 Label:Cube20 SpatiallyLoaded:1 Bounds:IsValid=true, Min=(X=1177.500 Y=1510.000 Z=-10.000), Max=(X=1202.500 Y=1810.000 Z=290.000) RuntimeGrid:None EditorOnly:0 RuntimeOnly:0 HLODRelevant:1 ListedInSceneOutliner:1 IsMainWorldOnly:0
 |   |   |- [+] [ 41]
 |   |   |   |- Guid:ED702DEB4F4A6D94A5DB4F9C337C2079 BaseClass: NativeClass:/Script/Engine.TextRenderActor Name:TextRenderActor_0 Label:TextRenderActor SpatiallyLoaded:1 Bounds:IsValid=true, Min=(X=-0.100 Y=1100.000 Z=65.013), Max=(X=-0.100 Y=2225.000 Z=215.013) RuntimeGrid:None EditorOnly:0 RuntimeOnly:0 HLODRelevant:0 ListedInSceneOutliner:1 IsMainWorldOnly:0
 |   |   |- [+] [ 42]
 |   |   |   |- Guid:F33CC5014C49925B3A9D52A063AF483F BaseClass: NativeClass:/Script/Engine.PlayerStart Name:PlayerStart_0 Label:PlayerStart SpatiallyLoaded:0 Bounds:IsValid=true, Min=(X=960.000 Y=1770.000 Z=0.013), Max=(X=1040.000 Y=1850.000 Z=184.013) RuntimeGrid:None EditorOnly:0 RuntimeOnly:0 HLODRelevant:0 ListedInSceneOutliner:1 IsMainWorldOnly:0
 |   |   |- [+] [ 43]
 |   |   |   |- Guid:F7154A9F468CCD8971D9FCA236D741F1 BaseClass: NativeClass:/Script/Engine.StaticMeshActor Name:StaticMeshActor_UAID_A4BB6D4C230A772802_1698335847 Label:Cube108 SpatiallyLoaded:1 Bounds:IsValid=true, Min=(X=1677.500 Y=2367.500 Z=-10.000), Max=(X=1702.500 Y=2492.500 Z=190.000) RuntimeGrid:None EditorOnly:0 RuntimeOnly:0 HLODRelevant:1 ListedInSceneOutliner:1 IsMainWorldOnly:0
 |   |   |- [+] [ 44]
 |   |   |   |- Guid:FB3B83F04EC1150FBBE874B5F0EA9FD2 BaseClass: NativeClass:/Script/Engine.StaticMeshActor Name:StaticMeshActor_UAID_A4BB6D4C230A772802_1683419841 Label:Cube102 SpatiallyLoaded:1 Bounds:IsValid=true, Min=(X=1317.500 Y=1777.500 Z=-10.000), Max=(X=1442.500 Y=1802.500 Z=190.000) RuntimeGrid:None EditorOnly:0 RuntimeOnly:0 HLODRelevant:1 ListedInSceneOutliner:1 IsMainWorldOnly:0
 |   |   |- [+] [ 45]
 |   |   |   |- Guid:FD8EE8B3435094D716B1CEA61CC51154 BaseClass: NativeClass:/Script/Engine.StaticMeshActor Name:StaticMeshActor_UAID_A4BB6D4C230A772802_1721281848 Label:Cube109 SpatiallyLoaded:1 Bounds:IsValid=true, Min=(X=1677.500 Y=1317.500 Z=-10.000), Max=(X=1702.500 Y=1442.500 Z=190.000) RuntimeGrid:None EditorOnly:0 RuntimeOnly:0 HLODRelevant:1 ListedInSceneOutliner:1 IsMainWorldOnly:0
 |- ContainerInstances:
 |- [+] MainContainer:
 |   |-        ID: 00000000000000000000000000000000
 |   |-  ParentID: 00000000000000000000000000000000
 |   |-    Bounds: IsValid=false, Min=(X=0.000 Y=0.000 Z=0.000), Max=(X=0.000 Y=0.000 Z=0.000)
 |   |- Transform: 0.000000,0.000000,0.000000|0.000000,0.000000,-0.000000|1.000000,1.000000,1.000000
 |   |- Container: /Game/TopDown/Maps/TopDownMap
----------------------------------------------------------------------------------------------------------------
TopDownMap - Persistent Level
----------------------------------------------------------------------------------------------------------------
[+] Content of TopDownMap Persistent Level
 |- Always loaded Actor Count: 46 
 |- Actor Path: /Game/TopDown/Maps/TopDownMap.TopDownMap:PersistentLevel.BP_TopDownCharacter_C_UAID_A4BB6D4C230A762802_2018564524
 |- Actor Package: /Game/__ExternalActors__/TopDown/Maps/TopDownMap/3/BL/Q27IFCB0IABZ4CB7ZM5EY9
 |- Actor Path: /Game/TopDown/Maps/TopDownMap.TopDownMap:PersistentLevel.DirectionalLight_1
 |- Actor Package: /Game/__ExternalActors__/TopDown/Maps/TopDownMap/A/LM/VRK8UAZR3J2TAKS74SHCUD
 |- Actor Path: /Game/TopDown/Maps/TopDownMap.TopDownMap:PersistentLevel.ExponentialHeightFog_1
 |- Actor Package: /Game/__ExternalActors__/TopDown/Maps/TopDownMap/6/BO/BYV4KSLUROOOL33DU1XUWQ
 |- Actor Path: /Game/TopDown/Maps/TopDownMap.TopDownMap:PersistentLevel.NavLinkProxy_3
 |- Actor Package: /Game/__ExternalActors__/TopDown/Maps/TopDownMap/5/UT/JRUWL9PVCAH3XSUMXP4CC1
 |- Actor Path: /Game/TopDown/Maps/TopDownMap.TopDownMap:PersistentLevel.PlayerStart_0
 |- Actor Package: /Game/__ExternalActors__/TopDown/Maps/TopDownMap/6/OI/H4CYGWRMJ49ZI6AS2GNGQY
 |- Actor Path: /Game/TopDown/Maps/TopDownMap.TopDownMap:PersistentLevel.PostProcessVolume_1
 |- Actor Package: /Game/__ExternalActors__/TopDown/Maps/TopDownMap/6/VI/ESHAVRHFZFA2JDR9ZAQIOE
 |- Actor Path: /Game/TopDown/Maps/TopDownMap.TopDownMap:PersistentLevel.SkyAtmosphere_1
 |- Actor Package: /Game/__ExternalActors__/TopDown/Maps/TopDownMap/5/YN/TCNGOWDVRBFBJ5YZR7VI7S
 |- Actor Path: /Game/TopDown/Maps/TopDownMap.TopDownMap:PersistentLevel.SkyLight_1
 |- Actor Package: /Game/__ExternalActors__/TopDown/Maps/TopDownMap/E/LR/47NTFRDFK6M7265A1UYTOW
 |- Actor Path: /Game/TopDown/Maps/TopDownMap.TopDownMap:PersistentLevel.StaticMeshActor_17
 |- Actor Package: /Game/__ExternalActors__/TopDown/Maps/TopDownMap/3/RG/XOAZMB5QVL20UGXOCZ1LZK
 |- Actor Path: /Game/TopDown/Maps/TopDownMap.TopDownMap:PersistentLevel.StaticMeshActor_UAID_A4AE111137DC5CFB00_1660657071
 |- Actor Package: /Game/__ExternalActors__/TopDown/Maps/TopDownMap/C/MV/UE2U7GTDT7WM2AVP83861S
 |- Actor Path: /Game/TopDown/Maps/TopDownMap.TopDownMap:PersistentLevel.StaticMeshActor_UAID_A4BB6D4C230A762802_2098667530
 |- Actor Package: /Game/__ExternalActors__/TopDown/Maps/TopDownMap/2/6I/T6VM7KJ35WWJSI5346ZOAQ
 |- Actor Path: /Game/TopDown/Maps/TopDownMap.TopDownMap:PersistentLevel.StaticMeshActor_UAID_A4BB6D4C230A762802_2135236537
 |- Actor Package: /Game/__ExternalActors__/TopDown/Maps/TopDownMap/3/79/JLCQL6V3JIJF24V3RDNA5Y
 |- Actor Path: /Game/TopDown/Maps/TopDownMap.TopDownMap:PersistentLevel.StaticMeshActor_UAID_A4BB6D4C230A772802_1149899774
 |- Actor Package: /Game/__ExternalActors__/TopDown/Maps/TopDownMap/D/0L/OYRFAI3DRJN24H6HELV2XW
 |- Actor Path: /Game/TopDown/Maps/TopDownMap.TopDownMap:PersistentLevel.StaticMeshActor_UAID_A4BB6D4C230A772802_1178841792
 |- Actor Package: /Game/__ExternalActors__/TopDown/Maps/TopDownMap/5/YX/B3G0KJOP3TIE66BGUNY6L0
 |- Actor Path: /Game/TopDown/Maps/TopDownMap.TopDownMap:PersistentLevel.StaticMeshActor_UAID_A4BB6D4C230A772802_1304550830
 |- Actor Package: /Game/__ExternalActors__/TopDown/Maps/TopDownMap/6/C4/77TA7SAJ48WH3HAC93453G
 |- Actor Path: /Game/TopDown/Maps/TopDownMap.TopDownMap:PersistentLevel.StaticMeshActor_UAID_A4BB6D4C230A772802_1332509832
 |- Actor Package: /Game/__ExternalActors__/TopDown/Maps/TopDownMap/E/RQ/LKNVXFRYIAVJPZWX5IF0YM
 |- Actor Path: /Game/TopDown/Maps/TopDownMap.TopDownMap:PersistentLevel.StaticMeshActor_UAID_A4BB6D4C230A772802_1342434833
 |- Actor Package: /Game/__ExternalActors__/TopDown/Maps/TopDownMap/7/S3/MJXCJ0ZMJ2FHI93BLESWJS
 |- Actor Path: /Game/TopDown/Maps/TopDownMap.TopDownMap:PersistentLevel.StaticMeshActor_UAID_A4BB6D4C230A772802_1600840836
 |- Actor Package: /Game/__ExternalActors__/TopDown/Maps/TopDownMap/5/PL/R3QTEDD48OVHVMNZXHI03M
 |- Actor Path: /Game/TopDown/Maps/TopDownMap.TopDownMap:PersistentLevel.StaticMeshActor_UAID_A4BB6D4C230A772802_1668154837
 |- Actor Package: /Game/__ExternalActors__/TopDown/Maps/TopDownMap/0/FN/PJXBH4SMSRNEP9F3VG851K
 |- Actor Path: /Game/TopDown/Maps/TopDownMap.TopDownMap:PersistentLevel.StaticMeshActor_UAID_A4BB6D4C230A772802_1670580838
 |- Actor Package: /Game/__ExternalActors__/TopDown/Maps/TopDownMap/2/JW/F95Z8V6EYOJO491QEIFY37
 |- Actor Path: /Game/TopDown/Maps/TopDownMap.TopDownMap:PersistentLevel.StaticMeshActor_UAID_A4BB6D4C230A772802_1675078839
 |- Actor Package: /Game/__ExternalActors__/TopDown/Maps/TopDownMap/2/7K/HHFVEOK7G0BJGI2294LUZE
 |- Actor Path: /Game/TopDown/Maps/TopDownMap.TopDownMap:PersistentLevel.StaticMeshActor_UAID_A4BB6D4C230A772802_1683417840
 |- Actor Package: /Game/__ExternalActors__/TopDown/Maps/TopDownMap/6/Q0/TJWUMLV3NOJTWTN064TDGM
 |- Actor Path: /Game/TopDown/Maps/TopDownMap.TopDownMap:PersistentLevel.StaticMeshActor_UAID_A4BB6D4C230A772802_1683419841
 |- Actor Package: /Game/__ExternalActors__/TopDown/Maps/TopDownMap/3/P5/QLDS3RBVLH4PYBRBH31XU2
 |- Actor Path: /Game/TopDown/Maps/TopDownMap.TopDownMap:PersistentLevel.StaticMeshActor_UAID_A4BB6D4C230A772802_1683420842
 |- Actor Package: /Game/__ExternalActors__/TopDown/Maps/TopDownMap/4/3Z/K981XVE3AIPTFYRH34O0IV
 |- Actor Path: /Game/TopDown/Maps/TopDownMap.TopDownMap:PersistentLevel.StaticMeshActor_UAID_A4BB6D4C230A772802_1683421843
 |- Actor Package: /Game/__ExternalActors__/TopDown/Maps/TopDownMap/A/G8/YENUELJGGGWJNEQDCILWL2
 |- Actor Path: /Game/TopDown/Maps/TopDownMap.TopDownMap:PersistentLevel.StaticMeshActor_UAID_A4BB6D4C230A772802_1698331844
 |- Actor Package: /Game/__ExternalActors__/TopDown/Maps/TopDownMap/5/BC/I6RJ0WEIAJHP8NF5Q99ONH
 |- Actor Path: /Game/TopDown/Maps/TopDownMap.TopDownMap:PersistentLevel.StaticMeshActor_UAID_A4BB6D4C230A772802_1698333845
 |- Actor Package: /Game/__ExternalActors__/TopDown/Maps/TopDownMap/B/C9/06R2XPWAVSGP7FOU83Z8VM
 |- Actor Path: /Game/TopDown/Maps/TopDownMap.TopDownMap:PersistentLevel.StaticMeshActor_UAID_A4BB6D4C230A772802_1698334846
 |- Actor Package: /Game/__ExternalActors__/TopDown/Maps/TopDownMap/C/SR/MUTDSPKGAQ4EY12YW919F8
 |- Actor Path: /Game/TopDown/Maps/TopDownMap.TopDownMap:PersistentLevel.StaticMeshActor_UAID_A4BB6D4C230A772802_1698335847
 |- Actor Package: /Game/__ExternalActors__/TopDown/Maps/TopDownMap/E/1V/TUO7DMO7G3AXJT6P841C81
 |- Actor Path: /Game/TopDown/Maps/TopDownMap.TopDownMap:PersistentLevel.StaticMeshActor_UAID_A4BB6D4C230A772802_1721281848
 |- Actor Package: /Game/__ExternalActors__/TopDown/Maps/TopDownMap/3/2K/FHQEKRVSVRZP5EXZ42ILCU
 |- Actor Path: /Game/TopDown/Maps/TopDownMap.TopDownMap:PersistentLevel.StaticMeshActor_UAID_A4BB6D4C230A772802_1721283849
 |- Actor Package: /Game/__ExternalActors__/TopDown/Maps/TopDownMap/4/IH/LK2I51Y9IVWKCWIV9Y7V01
 |- Actor Path: /Game/TopDown/Maps/TopDownMap.TopDownMap:PersistentLevel.StaticMeshActor_UAID_A4BB6D4C230A772802_1721284850
 |- Actor Package: /Game/__ExternalActors__/TopDown/Maps/TopDownMap/0/R9/30JT0RUO217NARLNYJSPIU
 |- Actor Path: /Game/TopDown/Maps/TopDownMap.TopDownMap:PersistentLevel.StaticMeshActor_UAID_A4BB6D4C230A772802_1721285851
 |- Actor Package: /Game/__ExternalActors__/TopDown/Maps/TopDownMap/6/1X/TNOWU916RRS1YKPDTFZ9ZA
 |- Actor Path: /Game/TopDown/Maps/TopDownMap.TopDownMap:PersistentLevel.StaticMeshActor_UAID_A4BB6D4C230A772802_1738597852
 |- Actor Package: /Game/__ExternalActors__/TopDown/Maps/TopDownMap/5/HY/WCSUSDZYWCBBDB8SXOUPSM
 |- Actor Path: /Game/TopDown/Maps/TopDownMap.TopDownMap:PersistentLevel.StaticMeshActor_UAID_A4BB6D4C230A772802_1738599853
 |- Actor Package: /Game/__ExternalActors__/TopDown/Maps/TopDownMap/C/25/0WIM6K7UIC0M79RKLUTRCN
 |- Actor Path: /Game/TopDown/Maps/TopDownMap.TopDownMap:PersistentLevel.StaticMeshActor_UAID_A4BB6D4C230A772802_1738599854
 |- Actor Package: /Game/__ExternalActors__/TopDown/Maps/TopDownMap/A/A9/N7CFNZ7PGNC5CDVDCGP6UT
 |- Actor Path: /Game/TopDown/Maps/TopDownMap.TopDownMap:PersistentLevel.StaticMeshActor_UAID_A4BB6D4C230A772802_1738600855
 |- Actor Package: /Game/__ExternalActors__/TopDown/Maps/TopDownMap/D/QV/28T68GSZY2T8QGQ312LQEJ
 |- Actor Path: /Game/TopDown/Maps/TopDownMap.TopDownMap:PersistentLevel.StaticMeshActor_UAID_A4BB6D4C230A772802_1738601856
 |- Actor Package: /Game/__ExternalActors__/TopDown/Maps/TopDownMap/2/AT/SVG3FEDBXRSD0MNX0QL6WZ
 |- Actor Path: /Game/TopDown/Maps/TopDownMap.TopDownMap:PersistentLevel.StaticMeshActor_UAID_A4BB6D4C230A772802_1738602857
 |- Actor Package: /Game/__ExternalActors__/TopDown/Maps/TopDownMap/2/LH/U6FJCHAA1W78YZ0KB68EWZ
 |- Actor Path: /Game/TopDown/Maps/TopDownMap.TopDownMap:PersistentLevel.StaticMeshActor_UAID_A4BB6D4C230A772802_1738603858
 |- Actor Package: /Game/__ExternalActors__/TopDown/Maps/TopDownMap/7/SI/32KVOIZCPG37ZNMOUCOCIP
 |- Actor Path: /Game/TopDown/Maps/TopDownMap.TopDownMap:PersistentLevel.StaticMeshActor_UAID_A4BB6D4C230A772802_1738604859
 |- Actor Package: /Game/__ExternalActors__/TopDown/Maps/TopDownMap/6/YH/ZLLPLY88T7VLLD6LM40ZKI
 |- Actor Path: /Game/TopDown/Maps/TopDownMap.TopDownMap:PersistentLevel.StaticMeshActor_UAID_A4BB6D4C230A772802_1826756860
 |- Actor Package: /Game/__ExternalActors__/TopDown/Maps/TopDownMap/4/59/OXBBIRMMRRTLBAX4HKV671
 |- Actor Path: /Game/TopDown/Maps/TopDownMap.TopDownMap:PersistentLevel.StaticMeshActor_UAID_A4BB6D4C230A772802_1855616862
 |- Actor Package: /Game/__ExternalActors__/TopDown/Maps/TopDownMap/C/3H/X26YJKRVLPT4W62XNRJR8P
 |- Actor Path: /Game/TopDown/Maps/TopDownMap.TopDownMap:PersistentLevel.TextRenderActor_0
 |- Actor Package: /Game/__ExternalActors__/TopDown/Maps/TopDownMap/9/FY/45JOQ38QR4K2P62IGCH99F
 |- Actor Path: /Game/TopDown/Maps/TopDownMap.TopDownMap:PersistentLevel.VolumetricCloud_0
 |- Actor Package: /Game/__ExternalActors__/TopDown/Maps/TopDownMap/6/GY/HOVAYB977GD5L9YGZ5S1T6
 |- Actor Path: /Game/TopDown/Maps/TopDownMap.TopDownMap:PersistentLevel.WorldDataLayers
 |- Actor Package: /Game/__ExternalActors__/TopDown/Maps/TopDownMap/A/RN/FHX05LPSBNMAJG3SW97PS7

----------------------------------------------------------------------------------------------------------------
TopDownMap - Runtime Hash Set
----------------------------------------------------------------------------------------------------------------

